playground.allIvyDeps
playground.allScalacOptions
playground.allSourceFiles
playground.allSources
playground.ammoniteReplClasspath
playground.ammoniteVersion
playground.artifactId
playground.artifactName
playground.artifactScalaVersion
playground.artifactSuffix
playground.assembly
playground.checkFormat
playground.compile
playground.compileClasspath
playground.compileIvyDeps
playground.console
playground.crossFullScalaVersion
playground.docJar
playground.docResources
playground.docSources
playground.finalMainClass
playground.finalMainClassOpt
playground.forkArgs
playground.forkEnv
playground.forkWorkingDir
playground.generatedSources
playground.ideaCompileOutput
playground.ideaConfigFiles
playground.ideaJavaModuleFacets
playground.ivyDeps
playground.ivyDepsTree
playground.jar
playground.javacOptions
playground.javadocOptions
playground.launcher
playground.localClasspath
playground.mainClass
playground.mandatoryIvyDeps
playground.mandatoryScalacOptions
playground.manifest
playground.platformSuffix
playground.prepareOffline
playground.prependShellScript
playground.reformat
playground.repl
playground.resolvedAmmoniteReplIvyDeps
playground.resolvedIvyDeps
playground.resolvedRunIvyDeps
playground.resources
playground.run
playground.runBackground
playground.runClasspath
playground.runIvyDeps
playground.runLocal
playground.runMain
playground.runMainBackground
playground.runMainLocal
playground.runUseArgsFile
playground.scalaCompilerClasspath
playground.scalaDocClasspath
playground.scalaDocOptions
playground.scalaDocPluginClasspath
playground.scalaDocPluginIvyDeps
playground.scalaLibraryIvyDeps
playground.scalaOrganization
playground.scalaVersion
playground.scalacOptions
playground.scalacPluginClasspath
playground.scalacPluginIvyDeps
playground.scalafmtConfig
playground.showModuleDeps
playground.sourceJar
playground.sources
playground.test
playground.transitiveCompileIvyDeps
playground.transitiveIvyDeps
playground.transitiveLocalClasspath
playground.unmanagedClasspath
playground.upstreamAssembly
playground.upstreamAssemblyClasspath
playground.upstreamCompileOutput
