2023.05.20 23:50:23 INFO  Started: Metals version 0.11.12 in workspace '/home/cyh/ysyx-workbench/npc' for client Visual Studio Code 1.78.2.
May 20, 2023 11:50:23 PM org.flywaydb.core.internal.license.VersionPrinter printVersionOnly
INFO: Flyway Community Edition 9.16.3 by Redgate
May 20, 2023 11:50:23 PM org.flywaydb.core.internal.license.VersionPrinter printVersion
INFO: See release notes here: https://rd.gt/416ObMi
May 20, 2023 11:50:23 PM org.flywaydb.core.internal.license.VersionPrinter printVersion
INFO: 
May 20, 2023 11:50:23 PM org.flywaydb.core.internal.database.base.BaseDatabaseType createDatabase
INFO: Database: jdbc:h2:file:/home/cyh/ysyx-workbench/npc/.metals/metals (H2 2.1)
May 20, 2023 11:50:23 PM org.flywaydb.core.internal.schemahistory.JdbcTableSchemaHistory allAppliedMigrations
INFO: Schema history table "PUBLIC"."flyway_schema_history" does not exist yet
May 20, 2023 11:50:23 PM org.flywaydb.core.internal.command.DbValidate validate
INFO: Successfully validated 4 migrations (execution time 00:00.012s)
May 20, 2023 11:50:23 PM org.flywaydb.core.internal.schemahistory.JdbcTableSchemaHistory create
INFO: Creating Schema History table "PUBLIC"."flyway_schema_history" ...
May 20, 2023 11:50:23 PM org.flywaydb.core.internal.command.DbMigrate migrateGroup
INFO: Current version of schema "PUBLIC": << Empty Schema >>
May 20, 2023 11:50:23 PM org.flywaydb.core.internal.command.DbMigrate doMigrateGroup
INFO: Migrating schema "PUBLIC" to version "1 - Create tables"
May 20, 2023 11:50:24 PM org.flywaydb.core.internal.command.DbMigrate doMigrateGroup
INFO: Migrating schema "PUBLIC" to version "2 - Server discovery"
May 20, 2023 11:50:24 PM org.flywaydb.core.internal.command.DbMigrate doMigrateGroup
INFO: Migrating schema "PUBLIC" to version "3 - Jar symbols"
May 20, 2023 11:50:24 PM org.flywaydb.core.internal.command.DbMigrate doMigrateGroup
INFO: Migrating schema "PUBLIC" to version "4 - Fingerprints"
May 20, 2023 11:50:24 PM org.flywaydb.core.internal.command.DbMigrate logSummary
INFO: Successfully applied 4 migrations to schema "PUBLIC", now at version v4 (execution time 00:00.048s)
2023.05.20 23:50:24 INFO  time: initialize in 0.45s
2023.05.20 23:50:25 WARN  Build server is not auto-connectable.
2023.05.20 23:50:38 INFO  running '/usr/local/bin/mill --import ivy:com.lihaoyi::mill-contrib-bloop: mill.contrib.Bloop/install'
2023.05.20 23:50:39 INFO  Downloading https://repo1.maven.org/maven2/com/lihaoyi/mill-contrib-bloop_2.13/0.10.2/mill-contrib-bloop_2.13-0.10.2.pom
2023.05.20 23:50:43 INFO  Downloaded https://repo1.maven.org/maven2/com/lihaoyi/mill-contrib-bloop_2.13/0.10.2/mill-contrib-bloop_2.13-0.10.2.pom
2023.05.20 23:50:43 INFO  Downloading https://repo1.maven.org/maven2/ch/epfl/scala/bloop-config_2.13/1.4.13/bloop-config_2.13-1.4.13.pom
2023.05.20 23:50:43 INFO  Downloaded https://repo1.maven.org/maven2/ch/epfl/scala/bloop-config_2.13/1.4.13/bloop-config_2.13-1.4.13.pom
2023.05.20 23:50:43 INFO  Downloading https://repo1.maven.org/maven2/com/github/plokhotnyuk/jsoniter-scala/jsoniter-scala-core_2.13/2.4.0/jsoniter-scala-core_2.13-2.4.0.pom
2023.05.20 23:50:43 INFO  Downloaded https://repo1.maven.org/maven2/com/github/plokhotnyuk/jsoniter-scala/jsoniter-scala-core_2.13/2.4.0/jsoniter-scala-core_2.13-2.4.0.pom
2023.05.20 23:50:43 INFO  Downloading https://repo1.maven.org/maven2/com/lihaoyi/mill-contrib-bloop_2.13/0.10.2/mill-contrib-bloop_2.13-0.10.2.jar
2023.05.20 23:50:43 INFO  Downloading https://repo1.maven.org/maven2/com/github/plokhotnyuk/jsoniter-scala/jsoniter-scala-core_2.13/2.4.0/jsoniter-scala-core_2.13-2.4.0.jar
2023.05.20 23:50:43 INFO  Downloading https://repo1.maven.org/maven2/com/github/plokhotnyuk/jsoniter-scala/jsoniter-scala-core_2.13/2.4.0/jsoniter-scala-core_2.13-2.4.0-sources.jar
2023.05.20 23:50:43 INFO  Downloading https://repo1.maven.org/maven2/com/lihaoyi/mill-contrib-bloop_2.13/0.10.2/mill-contrib-bloop_2.13-0.10.2-sources.jar
2023.05.20 23:50:43 INFO  Downloading https://repo1.maven.org/maven2/ch/epfl/scala/bloop-config_2.13/1.4.13/bloop-config_2.13-1.4.13.jar
2023.05.20 23:50:43 INFO  Downloading https://repo1.maven.org/maven2/ch/epfl/scala/bloop-config_2.13/1.4.13/bloop-config_2.13-1.4.13-sources.jar
2023.05.20 23:50:46 INFO  Downloaded https://repo1.maven.org/maven2/com/lihaoyi/mill-contrib-bloop_2.13/0.10.2/mill-contrib-bloop_2.13-0.10.2-sources.jar
2023.05.20 23:50:47 INFO  Downloaded https://repo1.maven.org/maven2/ch/epfl/scala/bloop-config_2.13/1.4.13/bloop-config_2.13-1.4.13-sources.jar
2023.05.20 23:50:48 INFO  Downloaded https://repo1.maven.org/maven2/com/github/plokhotnyuk/jsoniter-scala/jsoniter-scala-core_2.13/2.4.0/jsoniter-scala-core_2.13-2.4.0-sources.jar
2023.05.20 23:50:48 INFO  Downloaded https://repo1.maven.org/maven2/com/github/plokhotnyuk/jsoniter-scala/jsoniter-scala-core_2.13/2.4.0/jsoniter-scala-core_2.13-2.4.0.jar
2023.05.20 23:50:55 INFO  Still downloading:
2023.05.20 23:50:55 INFO  https://repo1.maven.org/maven2/ch/epfl/scala/bloop-config_2.13/1.4.13/bloop-config_2.13-1.4.13.jar (98.90 %, 196066 / 198255)
2023.05.20 23:50:55 INFO  https://repo1.maven.org/maven2/com/lihaoyi/mill-contrib-bloop_2.13/0.10.2/mill-contrib-bloop_2.13-0.10.2.jar (35.52 %, 65536 / 184528)
2023.05.20 23:50:55 INFO  
2023.05.20 23:50:57 INFO  Downloaded https://repo1.maven.org/maven2/ch/epfl/scala/bloop-config_2.13/1.4.13/bloop-config_2.13-1.4.13.jar
2023.05.20 23:51:03 INFO  Still downloading:
2023.05.20 23:51:03 INFO  https://repo1.maven.org/maven2/com/lihaoyi/mill-contrib-bloop_2.13/0.10.2/mill-contrib-bloop_2.13-0.10.2.jar (71.03 %, 131072 / 184528)
2023.05.20 23:51:03 INFO  
2023.05.20 23:51:07 INFO  Downloaded https://repo1.maven.org/maven2/com/lihaoyi/mill-contrib-bloop_2.13/0.10.2/mill-contrib-bloop_2.13-0.10.2.jar
2023.05.20 23:51:07 INFO  Compiling (synthetic)/ammonite/predef/CodePredef.sc
2023.05.20 23:51:10 INFO  Compiling /home/cyh/ysyx-workbench/npc/build.sc
2023.05.20 23:51:13 INFO  [1/53] playground.sources 
2023.05.20 23:51:13 INFO  [2/53] playground.generatedSources 
2023.05.20 23:51:13 INFO  [3/53] playground.allSources 
2023.05.20 23:51:13 INFO  [4/53] playground.test.sources 
2023.05.20 23:51:13 INFO  [5/53] playground.test.generatedSources 
2023.05.20 23:51:13 INFO  [6/53] playground.test.allSources 
2023.05.20 23:51:13 INFO  [7/53] mill.contrib.bloop.BloopImpl.moduleSourceMap 
2023.05.20 23:51:13 INFO  [8/53] playground.unmanagedClasspath 
2023.05.20 23:51:13 INFO  [9/53] playground.scalaVersion 
2023.05.20 23:51:13 INFO  [10/53] playground.platformSuffix 
2023.05.20 23:51:13 INFO  [11/53] playground.compileIvyDeps 
2023.05.20 23:51:13 INFO  [12/53] playground.transitiveCompileIvyDeps 
2023.05.20 23:51:13 INFO  [13/53] playground.ivyDeps 
2023.05.20 23:51:13 INFO  [14/53] playground.mandatoryIvyDeps.overridden.mill.scalalib.JavaModule.mandatoryIvyDeps 
2023.05.20 23:51:13 INFO  [15/53] playground.scalaOrganization 
2023.05.20 23:51:13 INFO  [16/53] playground.scalaLibraryIvyDeps 
2023.05.20 23:51:13 INFO  [17/53] playground.mandatoryIvyDeps 
2023.05.20 23:51:13 INFO  [18/53] playground.transitiveIvyDeps 
2023.05.20 23:51:13 INFO  [19/53] playground.resolvedIvyDeps 
2023.05.20 23:51:13 INFO  [20/53] playground.resources 
2023.05.20 23:51:13 INFO  [21/53] playground.mandatoryScalacOptions 
2023.05.20 23:51:13 INFO  [22/53] playground.scalacPluginIvyDeps 
2023.05.20 23:51:13 INFO  [23/53] playground.enablePluginScalacOptions 
2023.05.20 23:51:13 INFO  [24/53] playground.scalacOptions 
2023.05.20 23:51:13 INFO  [25/53] playground.allScalacOptions 
2023.05.20 23:51:13 INFO  [26/53] playground.scalaCompilerClasspath 
2023.05.20 23:51:13 INFO  [27/53] playground.javacOptions 
2023.05.20 23:51:13 INFO  [28/53] playground.forkArgs 
2023.05.20 23:51:13 INFO  [29/53] playground.mainClass 
2023.05.20 23:51:13 INFO  [30/53] playground.bloop.config 
2023.05.20 23:51:25 INFO  [31/53] playground.bloop.writeConfig 
2023.05.20 23:51:25 INFO  Wrote /home/cyh/ysyx-workbench/npc/.bloop/playground.json
2023.05.20 23:51:25 INFO  [32/53] playground.test.unmanagedClasspath 
2023.05.20 23:51:25 INFO  [33/53] playground.test.scalaVersion 
2023.05.20 23:51:25 INFO  [34/53] playground.test.platformSuffix 
2023.05.20 23:51:25 INFO  [35/53] playground.test.compileIvyDeps 
2023.05.20 23:51:25 INFO  [36/53] playground.test.transitiveCompileIvyDeps 
2023.05.20 23:51:25 INFO  [37/53] playground.test.ivyDeps 
2023.05.20 23:51:25 INFO  [38/53] playground.test.mandatoryIvyDeps.overridden.mill.scalalib.JavaModule.mandatoryIvyDeps 
2023.05.20 23:51:25 INFO  [39/53] playground.test.scalaOrganization 
2023.05.20 23:51:25 INFO  [40/53] playground.test.scalaLibraryIvyDeps 
2023.05.20 23:51:25 INFO  [41/53] playground.test.mandatoryIvyDeps 
2023.05.20 23:51:25 INFO  [42/53] playground.test.transitiveIvyDeps 
2023.05.20 23:51:25 INFO  [43/53] playground.test.resolvedIvyDeps 
2023.05.20 23:51:25 INFO  [44/53] playground.test.resources 
2023.05.20 23:51:25 INFO  [45/53] playground.test.enablePluginScalacOptions 
2023.05.20 23:51:25 INFO  [46/53] playground.test.allScalacOptions 
2023.05.20 23:51:25 INFO  [47/53] playground.test.scalaCompilerClasspath 
2023.05.20 23:51:25 INFO  [48/53] playground.test.testFramework 
2023.05.20 23:51:25 INFO  [49/53] playground.test.forkArgs 
2023.05.20 23:51:25 INFO  [50/53] playground.test.mainClass 
2023.05.20 23:51:25 INFO  [51/53] playground.test.bloop.config 
2023.05.20 23:51:42 INFO  [52/53] playground.test.bloop.writeConfig 
2023.05.20 23:51:42 INFO  Wrote /home/cyh/ysyx-workbench/npc/.bloop/playground.test.json
2023.05.20 23:51:42 INFO  [53/53] mill.contrib.bloop.BloopImpl.install 
2023.05.20 23:51:42 INFO  time: ran 'mill bloopInstall' in 1m4s
2023.05.20 23:51:42 INFO  Attempting to connect to the build server...
2023.05.20 23:51:42 INFO  Setting up current java home /usr/lib/jvm/java-18-openjdk-amd64/ in /home/cyh/.bloop/bloop.json
2023.05.20 23:52:14 WARN  no build target for: /home/cyh/ysyx-workbench/npc/build.sc
2023.05.20 23:52:22 INFO  no build target found for /home/cyh/ysyx-workbench/npc/build.sc. Using presentation compiler with project's scala-library version: 3.2.2
2023.05.20 23:52:24 INFO  time: code lens generation in 1.22s
2023.05.20 23:52:44 ERROR Starting the bsp launcher for bloop...
2023.05.20 23:52:44 ERROR Opening a bsp server connection with 'bsp --protocol local --socket /tmp/bsp-launcher13315540529966975695/bsp.socket'...
2023.05.20 23:52:44 ERROR Waiting for the bsp connection to come up...
2023.05.20 23:52:44 ERROR Waiting for the bsp connection to come up...
2023.05.20 23:52:44 ERROR Waiting for the bsp connection to come up...
2023.05.20 23:52:44 ERROR Waiting for the bsp connection to come up...
2023.05.20 23:52:44 ERROR Waiting for the bsp connection to come up...
2023.05.20 23:52:44 ERROR Waiting for the bsp connection to come up...
2023.05.20 23:52:44 ERROR Waiting for the bsp connection to come up...
2023.05.20 23:52:44 ERROR Waiting for the bsp connection to come up...
2023.05.20 23:52:44 ERROR Waiting for the bsp connection to come up...
2023.05.20 23:52:44 ERROR Waiting for the bsp connection to come up...
2023.05.20 23:52:44 ERROR Waiting for the bsp connection to come up...
2023.05.20 23:52:44 ERROR Waiting for the bsp connection to come up...
2023.05.20 23:52:44 ERROR Waiting for the bsp connection to come up...
2023.05.20 23:52:44 ERROR Waiting for the bsp connection to come up...
2023.05.20 23:52:44 ERROR Waiting for the bsp connection to come up...
2023.05.20 23:52:44 ERROR Waiting for the bsp connection to come up...
2023.05.20 23:52:44 ERROR Waiting for the bsp connection to come up...
2023.05.20 23:52:44 ERROR Waiting for the bsp connection to come up...
2023.05.20 23:52:44 ERROR Waiting for the bsp connection to come up...
2023.05.20 23:52:44 ERROR Waiting for the bsp connection to come up...
2023.05.20 23:52:44 ERROR Waiting for the bsp connection to come up...
2023.05.20 23:52:44 ERROR Waiting for the bsp connection to come up...
2023.05.20 23:52:44 ERROR Waiting for the bsp connection to come up...
2023.05.20 23:52:44 ERROR Waiting for the bsp connection to come up...
2023.05.20 23:52:44 ERROR Waiting for the bsp connection to come up...
2023.05.20 23:52:44 ERROR Waiting for the bsp connection to come up...
2023.05.20 23:52:44 ERROR Waiting for the bsp connection to come up...
2023.05.20 23:52:44 ERROR Waiting for the bsp connection to come up...
2023.05.20 23:52:44 ERROR Waiting for the bsp connection to come up...
2023.05.20 23:52:44 ERROR Waiting for the bsp connection to come up...
2023.05.20 23:52:44 ERROR Waiting for the bsp connection to come up...
2023.05.20 23:52:44 ERROR error: Giving up on waiting for a connection, printing embedded bloop logs:
2023.05.20 23:52:44 ERROR > No server running at 127.0.0.1:8212, let's fire one...
2023.05.20 23:52:44 ERROR > Resolving ch.epfl.scala:bloop-frontend_2.12:1.5.6...
2023.05.20 23:52:44 ERROR error: Trying a tcp-based connection to the server instead...
2023.05.20 23:52:44 ERROR Opening a bsp server connection with 'bsp --protocol tcp --port 44622'...
2023.05.20 23:52:44 ERROR Waiting for the bsp connection to come up...
2023.05.20 23:52:44 ERROR Waiting for the bsp connection to come up...
2023.05.20 23:52:44 ERROR Waiting for the bsp connection to come up...
2023.05.20 23:52:44 ERROR Waiting for the bsp connection to come up...
2023.05.20 23:52:44 ERROR Waiting for the bsp connection to come up...
2023.05.20 23:52:44 ERROR Waiting for the bsp connection to come up...
2023.05.20 23:52:44 ERROR Waiting for the bsp connection to come up...
2023.05.20 23:52:44 ERROR Waiting for the bsp connection to come up...
2023.05.20 23:52:44 ERROR Waiting for the bsp connection to come up...
2023.05.20 23:52:44 ERROR Waiting for the bsp connection to come up...
2023.05.20 23:52:44 ERROR Waiting for the bsp connection to come up...
2023.05.20 23:52:44 ERROR Waiting for the bsp connection to come up...
2023.05.20 23:52:44 ERROR Waiting for the bsp connection to come up...
2023.05.20 23:52:44 ERROR Waiting for the bsp connection to come up...
2023.05.20 23:52:44 ERROR Waiting for the bsp connection to come up...
2023.05.20 23:52:44 ERROR Waiting for the bsp connection to come up...
2023.05.20 23:52:44 ERROR Waiting for the bsp connection to come up...
2023.05.20 23:52:44 ERROR Waiting for the bsp connection to come up...
2023.05.20 23:52:44 ERROR Waiting for the bsp connection to come up...
2023.05.20 23:52:44 ERROR Waiting for the bsp connection to come up...
2023.05.20 23:52:44 ERROR Waiting for the bsp connection to come up...
2023.05.20 23:52:44 ERROR Waiting for the bsp connection to come up...
2023.05.20 23:52:44 ERROR Waiting for the bsp connection to come up...
2023.05.20 23:52:44 ERROR Waiting for the bsp connection to come up...
2023.05.20 23:52:44 ERROR Waiting for the bsp connection to come up...
2023.05.20 23:52:44 ERROR Waiting for the bsp connection to come up...
2023.05.20 23:52:44 ERROR Waiting for the bsp connection to come up...
2023.05.20 23:52:44 ERROR Waiting for the bsp connection to come up...
2023.05.20 23:52:44 ERROR Waiting for the bsp connection to come up...
2023.05.20 23:52:44 ERROR Waiting for the bsp connection to come up...
2023.05.20 23:52:44 ERROR Waiting for the bsp connection to come up...
2023.05.20 23:52:44 ERROR error: Giving up on waiting for a connection, printing embedded bloop logs:
2023.05.20 23:52:44 ERROR > No server running at 127.0.0.1:8212, let's fire one...
2023.05.20 23:52:44 ERROR > Resolving ch.epfl.scala:bloop-frontend_2.12:1.5.6...
2023.05.20 23:52:44 ERROR error: The launcher failed to establish a bsp connection, aborting...
2023.05.20 23:52:44 ERROR Failed to connect with build server, no functionality will work.
java.lang.RuntimeException: The server did not start, got FailedToOpenBspConnection
	at bloop.launcher.LauncherMain.failPromise$1(Launcher.scala:92)
	at bloop.launcher.LauncherMain.runLauncher(Launcher.scala:119)
	at scala.meta.internal.metals.BloopServers$$anon$2.run(BloopServers.scala:496)
	at java.util.concurrent.Executors$RunnableAdapter.call(Executors.java:539)
	at java.util.concurrent.FutureTask.run(FutureTask.java:264)
	at java.util.concurrent.ThreadPoolExecutor.runWorker(ThreadPoolExecutor.java:1136)
	at java.util.concurrent.ThreadPoolExecutor$Worker.run(ThreadPoolExecutor.java:635)
	at java.lang.Thread.run(Thread.java:833)

2023.05.20 23:53:42 WARN  no build target for: /home/cyh/ysyx-workbench/npc/playground/src/ALU.scala
May 20, 2023 11:54:18 PM scala.meta.internal.pc.CompilerAccess handleError
SEVERE: NoDenotation.owner
java.lang.AssertionError: NoDenotation.owner
	at dotty.tools.dotc.core.SymDenotations$NoDenotation$.owner(SymDenotations.scala:2511)
	at scala.meta.internal.pc.MetalsInteractive$.enclosingSymbolsWithExpressionType(MetalsInteractive.scala:261)
	at scala.meta.internal.pc.HoverProvider$.hover(HoverProvider.scala:98)

May 20, 2023 11:54:24 PM scala.meta.internal.pc.CompilerAccess handleError
SEVERE: NoDenotation.owner
java.lang.AssertionError: NoDenotation.owner
	at dotty.tools.dotc.core.SymDenotations$NoDenotation$.owner(SymDenotations.scala:2511)
	at scala.meta.internal.pc.MetalsInteractive$.enclosingSymbolsWithExpressionType(MetalsInteractive.scala:261)
	at scala.meta.internal.pc.HoverProvider$.hover(HoverProvider.scala:98)

2023.05.20 23:54:46 WARN  no build target for: /home/cyh/ysyx-workbench/npc/playground/src/ALU.scala
2023.05.20 23:54:48 INFO  Shutting down server
2023.05.20 23:54:48 INFO  shutting down Metals
2023.05.20 23:54:48 INFO  Exiting server
