make all --print-data-base --no-builtin-variables --no-builtin-rules --question
make: *** No rule to make target 'all'.  Stop.

# GNU Make 4.3
# Built for x86_64-pc-linux-gnu
# Copyright (C) 1988-2020 Free Software Foundation, Inc.
# License GPLv3+: GNU GPL version 3 or later <http://gnu.org/licenses/gpl.html>
# This is free software: you are free to change and redistribute it.
# There is NO WARRANTY, to the extent permitted by law.

# Make data base, printed on Wed May  3 22:18:13 2023

# Variables

# environment
GDK_BACKEND = x11
# environment
LC_ALL = C
# environment
GNOME_SHELL_SESSION_MODE = ubuntu
# environment
SSH_AGENT_LAUNCHER = gnome-keyring
# environment
GJS_DEBUG_OUTPUT = stderr
# environment
NEMU_HOME = /home/cyh/ysyx-workbench/nemu
# environment
SNAP_LAUNCHER_ARCH_TRIPLET = x86_64-linux-gnu
# environment
LC_NAME = en_US.UTF-8
# environment
LC_NUMERIC = en_US.UTF-8
# environment
VSCODE_CRASH_REPORTER_PROCESS_TYPE = extensionHost
# environment
VSCODE_CWD = /home/cyh
# environment
WINDOWPATH = 2
# makefile (from 'Makefile', line 22)
define git_commit
	-@flock $(LOCK_DIR) $(MAKE) .git_commit MSG='$(1)'
	-@sync
endef
# environment
LC_ADDRESS = en_US.UTF-8
# default
MAKE_COMMAND := make
# environment
QT_ACCESSIBILITY = 1
# automatic
@D = $(patsubst %/,%,$(dir $@))
# environment
SNAP_INSTANCE_NAME = code
# makefile (from 'Makefile', line 2)
STUNAME = 程雨航
# environment
GDK_PIXBUF_MODULEDIR = /snap/code/126/usr/lib/x86_64-linux-gnu/gdk-pixbuf-2.0/2.10.0/loaders
# environment
VSCODE_HANDLES_UNCAUGHT_ERRORS = true
# default
.VARIABLES := 
# environment
PWD = /home/cyh/ysyx-workbench
# automatic
%D = $(patsubst %/,%,$(dir $%))
# environment
PS1 = \[\e]0;\u: \w\a\]${debian_chroot:+($debian_chroot)}\[\033[01;32m\]\u\[\033[00m\]:\[\033[01;34m\]\w\[\033[00m\]\$
# environment
XDG_DATA_DIRS = /home/cyh/snap/code/126/.local/share:/home/cyh/snap/code/126:/snap/code/126/usr/share:/usr/share/ubuntu:/usr/share/gnome:/usr/local/share/:/usr/share/:/var/lib/snapd/desktop
# automatic
^D = $(patsubst %/,%,$(dir $^))
# makefile (from 'Makefile', line 11)
WORK_INDEX = $(YSYX_HOME)/.git/index.$(WORK_BRANCH)
# automatic
%F = $(notdir $%)
# environment
VSCODE_CODE_CACHE_PATH = /home/cyh/.config/Code/CachedData/704ed70d4fd1c6bd6342c436f1ede30d1cff4710
# environment
LANG = C
# environment
XAUTHORITY = /run/user/1000/gdm/Xauthority
# default
.LOADED := 
# default
.INCLUDE_DIRS = /usr/local/include /usr/include /usr/include
# makefile
MAKEFLAGS = pqrR
# environment
GTK_USE_PORTAL = 1
# makefile
CURDIR := /home/cyh/ysyx-workbench
# environment
APPLICATION_INSIGHTS_NO_DIAGNOSTIC_CHANNEL = 1
# environment
LESSOPEN = | /usr/bin/lesspipe %s
# environment
VSCODE_L10N_BUNDLE_LOCATION = 
# automatic
*D = $(patsubst %/,%,$(dir $*))
# makefile (from 'Makefile', line 7)
GITFLAGS = -q --author='$(TRACER) <tracer@ysyx.org>' --no-verify --allow-empty
# environment
MFLAGS = -pqrR
# environment
SSH_AUTH_SOCK = /run/user/1000/keyring/ssh
# default
.SHELLFLAGS := -c
# environment
XDG_CONFIG_DIRS = /etc/xdg/xdg-ubuntu:/etc/xdg
# automatic
+D = $(patsubst %/,%,$(dir $+))
# environment
XDG_SESSION_DESKTOP = ubuntu
# makefile (from 'Makefile', line 1)
MAKEFILE_LIST := Makefile
# automatic
@F = $(notdir $@)
# makefile (from 'Makefile', line 12)
TRACER_BRANCH = $(TRACER)
# environment
VSCODE_PID = 3766
# environment
SDKMAN_DIR = /home/cyh/.sdkman
# environment
XDG_SESSION_TYPE = x11
# automatic
?D = $(patsubst %/,%,$(dir $?))
# environment
BAMF_DESKTOP_FILE_HINT = /var/lib/snapd/desktop/applications/code_code.desktop
# environment
SESSION_MANAGER = local/cyh-RedmiBook-Pro-14S:@/tmp/.ICE-unix/2216,unix/cyh-RedmiBook-Pro-14S:/tmp/.ICE-unix/2216
# automatic
*F = $(notdir $*)
# environment
NVBOARD_HOME = /home/cyh/ysyx-workbench/nvboard
# environment
CHROME_DESKTOP = code-url-handler.desktop
# environment
DBUS_SESSION_BUS_ADDRESS = unix:path=/run/user/1000/bus
# makefile (from 'Makefile', line 14)
LOCK_DIR = $(YSYX_HOME)/.git/
# automatic
<D = $(patsubst %/,%,$(dir $<))
# environment
VSCODE_NLS_CONFIG = {"locale":"en-us","osLocale":"en-us","availableLanguages":{},"_languagePackSupport":true}
# default
MAKE_HOST := x86_64-pc-linux-gnu
# environment
GTK_PATH = /snap/code/126/usr/lib/x86_64-linux-gnu/gtk-3.0
# environment
GNOME_DESKTOP_SESSION_ID = this-is-deprecated
# makefile
SHELL = /bin/sh
# default
MAKECMDGOALS := all
# environment
XMODIFIERS = @im=fcitx
# environment
NPC_HOME = /home/cyh/ysyx-workbench/npc
# environment
GJS_DEBUG_TOPICS = JS ERROR;JS LOG
# environment
SHLVL = 0
# environment
MAKELEVEL := 0
# default
MAKE = $(MAKE_COMMAND)
# environment
SNAP_COOKIE = NKaZOQqnzOtIaz6pHmCzYYBQV0yRCfljYiXrSqVNjobbftha6c6q
# environment
PATH = /home/cyh/ZSP/ZView5.19.0:/home/cyh/bin:/home/cyh/ZSP/ZView5.19.0:/usr/lib/ccache:/opt/scala/scala-2.12.15/bin:/home/cyh/ZSP/ZView5.19.0:/home/cyh/bin:/usr/local/sbin:/usr/local/bin:/usr/sbin:/usr/bin:/sbin:/bin:/usr/games:/usr/local/games:/snap/bin:/snap/bin
# default
MAKEFILES := 
# environment
LANGUAGE = en_US:en
# environment
LC_MONETARY = en_US.UTF-8
# automatic
^F = $(notdir $^)
# environment
SNAP_USER_COMMON = /home/cyh/snap/code/common
# environment
LC_TIME = en_US.UTF-8
# environment
SNAP = /snap/code/126
# makefile (from 'Makefile', line 9)
YSYX_HOME = $(NEMU_HOME)/..
# environment
INVOCATION_ID = 6ad8eb347f154f2b8200ca2b5197f6f7
# environment
SNAP_REVISION = 126
# makefile (from 'Makefile', line 10)
WORK_BRANCH = $(shell git rev-parse --abbrev-ref HEAD)
# environment
SNAP_REAL_HOME = /home/cyh
# environment
USERNAME = cyh
# environment
LC_TELEPHONE = en_US.UTF-8
# environment
LESSCLOSE = /usr/bin/lesspipe %s %s
# automatic
?F = $(notdir $?)
# environment
GTK_IM_MODULE_FILE = /home/cyh/snap/code/common/.cache/immodules/immodules.cache
# environment
GTK_IM_MODULE = fcitx
# environment
XDG_CURRENT_DESKTOP = Unity
# automatic
+F = $(notdir $+)
# environment
DESKTOP_SESSION = ubuntu
# makefile (from 'Makefile', line 6)
TRACER = tracer-ysyx2204
# environment
ORIGINAL_XDG_CURRENT_DESKTOP = ubuntu:GNOME
# environment
LOCPATH = /snap/code/126/usr/lib/locale
# 'override' directive
GNUMAKEFLAGS := 
# environment
CLUTTER_IM_MODULE = fcitx
# environment
LOGNAME = cyh
# environment
GIO_LAUNCHED_DESKTOP_FILE = /var/lib/snapd/desktop/applications/code_code.desktop
# environment
SNAP_ARCH = amd64
# makefile
.DEFAULT_GOAL := _default
# environment
SYSTEMD_EXEC_PID = 2261
# environment
NAVY_HOME = /home/cyh/ysyx-workbench/navy-apps
# environment
DISPLAY = :1
# environment
USER = cyh
# environment
GTK_MODULES = gail:atk-bridge
# default
MAKE_VERSION := 4.3
# environment
SNAP_DATA = /var/snap/code/126
# environment
SNAP_CONTEXT = NKaZOQqnzOtIaz6pHmCzYYBQV0yRCfljYiXrSqVNjobbftha6c6q
# makefile (from 'Makefile', line 17)
git_soft_checkout = 	git checkout --detach -q && git reset --soft $(1) -q && git checkout $(1) -q
# environment
MANAGERPID = 1840
# environment
LC_MEASUREMENT = en_US.UTF-8
# environment
GIO_LAUNCHED_DESKTOP_FILE_PID = 3717
# makefile (from 'Makefile', line 1)
STUID = ysyx_22040905
# environment
_ = /snap/code/126/usr/share/code/code
# environment
LC_PAPER = en_US.UTF-8
# environment
XDG_RUNTIME_DIR = /run/user/1000
# environment
GPG_AGENT_INFO = /run/user/1000/gnupg/S.gpg-agent:0:1
# environment
GDK_PIXBUF_MODULE_FILE = /home/cyh/snap/code/common/.cache/gdk-pixbuf-loaders.cache
# environment
GIO_MODULE_DIR = /home/cyh/snap/code/common/.cache/gio-modules
# environment
JOURNAL_STREAM = 8:34187
# environment
XDG_SESSION_CLASS = user
# environment
VSCODE_AMD_ENTRYPOINT = vs/workbench/api/node/extensionHostProcess
# environment
HOME = /home/cyh
# environment
QT_IM_MODULE = fcitx
# environment
ELECTRON_RUN_AS_NODE = 1
# environment
 
VSCODE_IPC_HOOK = /run/user/1000/vscode-40045b5f-1.77-main.sock
# environment
GTK_EXE_PREFIX = /snap/code/126/usr
# environment
SNAP_NAME = code
# environment
GSETTINGS_SCHEMA_DIR = /home/cyh/snap/code/126/.local/share/glib-2.0/schemas
# environment
IM_CONFIG_PHASE = 1
# environment
PAPERSIZE = letter
# default
.RECIPEPREFIX := 
# automatic
<F = $(notdir $<)
# environment
SNAP_VERSION = 704ed70d
# environment
AM_HOME = /home/cyh/ysyx-workbench/abstract-machine
# default
SUFFIXES := 
# environment
VSCODE_CLI = 1
# environment
ELECTRON_NO_ATTACH_CONSOLE = 1
# environment
SNAP_COMMON = /var/snap/code/common
# default
.FEATURES := target-specific order-only second-expansion else-if shortest-stem undefine oneshell nocomment grouped-target extra-prereqs archives jobserver output-sync check-symlink load
# environment
SNAP_USER_DATA = /home/cyh/snap/code/126
# environment
XDG_MENU_PREFIX = gnome-
# environment
GDMSESSION = ubuntu
# environment
LC_IDENTIFICATION = en_US.UTF-8
# environment
SNAP_LIBRARY_PATH = /var/lib/snapd/lib/gl:/var/lib/snapd/lib/gl32:/var/lib/snapd/void
# variable set hash-table stats:
# Load=152/1024=15%, Rehash=0, Collisions=7/182=4%

# Pattern-specific Variable Values

# No pattern-specific variable values.

# Directories

# . (device 66311, inode 1704005): 21 files, no impossibilities.

# 21 files, no impossibilities in 1 directories.

# Implicit Rules

# No implicit rules.

# Files

_default:
#  Phony target (prerequisite of .PHONY).
#  Implicit rule search has not been done.
#  File does not exist.
#  File has not been updated.
#  recipe to execute (from 'Makefile', line 42):
	@echo "Please run 'make' under subprojects."

# Not a target:
Makefile:
#  Implicit rule search has been done.
#  Last modified 2022-07-12 23:31:06.972509897
#  File has been updated.
#  Successfully updated.

.git_commit:
#  Phony target (prerequisite of .PHONY).
#  Implicit rule search has not been done.
#  File does not exist.
#  File has not been updated.
#  recipe to execute (from 'Makefile', line 28):
	-@cd $(YSYX_HOME) && while (test -e .git/index.lock); do sleep 0.1; done;               `# wait for other git instances`
	-@cd $(YSYX_HOME) && git branch $(TRACER_BRANCH) -q 2>/dev/null || true                 `# create tracer branch if not existent`
	-@cd $(YSYX_HOME) && cp -a .git/index $(WORK_INDEX)                                     `# backup git index`
	-@cd $(YSYX_HOME) && $(call git_soft_checkout, $(TRACER_BRANCH))                        `# switch to tracer branch`
	-@cd $(YSYX_HOME) && git add . -A --ignore-errors                                       `# add files to commit`
	-@cd $(YSYX_HOME) && (echo "> $(MSG)" && echo $(STUID) $(STUNAME) && uname -a && uptime `# generate commit msg`) \
	                | git commit -F - $(GITFLAGS)                                           `# commit changes in tracer branch`
	-@cd $(YSYX_HOME) && $(call git_soft_checkout, $(WORK_BRANCH))                          `# switch to work branch`
	-@cd $(YSYX_HOME) && mv $(WORK_INDEX) .git/index                                        `# restore git index`

.clean_index:
#  Phony target (prerequisite of .PHONY).
#  Implicit rule search has not been done.
#  File does not exist.
#  File has not been updated.
#  recipe to execute (from 'Makefile', line 39):
	rm -f $(WORK_INDEX)

# Not a target:
.DEFAULT:
#  Implicit rule search has not been done.
#  Modification time never checked.
#  File has not been updated.

# Not a target:
all:
#  Command line target.
#  Implicit rule search has been done.
#  File does not exist.
#  File has not been updated.

.PHONY: .git_commit .clean_index _default
#  Implicit rule search has not been done.
#  Modification time never checked.
#  File has not been updated.

# files hash-table stats:
# Load=8/1024=1%, Rehash=0, Collisions=0/21=0%
# VPATH Search Paths

# No 'vpath' search paths.

# No general ('VPATH' variable) search path.

# strcache buffers: 1 (0) / strings = 30 / storage = 289 B / avg = 9 B
# current buf: size = 8162 B / used = 289 B / count = 30 / avg = 9 B

# strcache performance: lookups = 41 / hit rate = 26%
# hash-table stats:
# Load=30/8192=0%, Rehash=0, Collisions=0/41=0%
# Finished Make data base on Wed May  3 22:18:13 2023

 
