make --dry-run --always-make --keep-going --print-directory
make: Entering directory '/home/cyh/ysyx-workbench/nemu'
 
echo + CC src/nemu-main.c
mkdir -p /home/cyh/ysyx-workbench/nemu/build/obj-riscv64-nemu-interpreter/src/
gcc -O2 -MMD -Wall -Werror -I/home/cyh/ysyx-workbench/nemu/include -I/home/cyh/ysyx-workbench/nemu/src/isa/riscv64/include -I/home/cyh/ysyx-workbench/nemu/src/engine/interpreter -O2  -Og -ggdb3 -fsanitize=address -DITRACE_COND=true -D__GUEST_ISA__=riscv64 -c -o /home/cyh/ysyx-workbench/nemu/build/obj-riscv64-nemu-interpreter/src/nemu-main.o src/nemu-main.c
/home/cyh/ysyx-workbench/nemu/tools/fixdep/build/fixdep  /home/cyh/ysyx-workbench/nemu/build/obj-riscv64-nemu-interpreter/src/nemu-main.d  /home/cyh/ysyx-workbench/nemu/build/obj-riscv64-nemu-interpreter/src/nemu-main.o unused >  /home/cyh/ysyx-workbench/nemu/build/obj-riscv64-nemu-interpreter/src/nemu-main.d.tmp
mv  /home/cyh/ysyx-workbench/nemu/build/obj-riscv64-nemu-interpreter/src/nemu-main.d.tmp  /home/cyh/ysyx-workbench/nemu/build/obj-riscv64-nemu-interpreter/src/nemu-main.d
echo + CC src/isa/riscv64/reg.c
mkdir -p /home/cyh/ysyx-workbench/nemu/build/obj-riscv64-nemu-interpreter/src/isa/riscv64/
gcc -O2 -MMD -Wall -Werror -I/home/cyh/ysyx-workbench/nemu/include -I/home/cyh/ysyx-workbench/nemu/src/isa/riscv64/include -I/home/cyh/ysyx-workbench/nemu/src/engine/interpreter -O2  -Og -ggdb3 -fsanitize=address -DITRACE_COND=true -D__GUEST_ISA__=riscv64 -c -o /home/cyh/ysyx-workbench/nemu/build/obj-riscv64-nemu-interpreter/src/isa/riscv64/reg.o src/isa/riscv64/reg.c
/home/cyh/ysyx-workbench/nemu/tools/fixdep/build/fixdep  /home/cyh/ysyx-workbench/nemu/build/obj-riscv64-nemu-interpreter/src/isa/riscv64/reg.d  /home/cyh/ysyx-workbench/nemu/build/obj-riscv64-nemu-interpreter/src/isa/riscv64/reg.o unused >  /home/cyh/ysyx-workbench/nemu/build/obj-riscv64-nemu-interpreter/src/isa/riscv64/reg.d.tmp
mv  /home/cyh/ysyx-workbench/nemu/build/obj-riscv64-nemu-interpreter/src/isa/riscv64/reg.d.tmp  /home/cyh/ysyx-workbench/nemu/build/obj-riscv64-nemu-interpreter/src/isa/riscv64/reg.d
echo + CC src/isa/riscv64/inst.c
mkdir -p /home/cyh/ysyx-workbench/nemu/build/obj-riscv64-nemu-interpreter/src/isa/riscv64/
gcc -O2 -MMD -Wall -Werror -I/home/cyh/ysyx-workbench/nemu/include -I/home/cyh/ysyx-workbench/nemu/src/isa/riscv64/include -I/home/cyh/ysyx-workbench/nemu/src/engine/interpreter -O2  -Og -ggdb3 -fsanitize=address -DITRACE_COND=true -D__GUEST_ISA__=riscv64 -c -o /home/cyh/ysyx-workbench/nemu/build/obj-riscv64-nemu-interpreter/src/isa/riscv64/inst.o src/isa/riscv64/inst.c
/home/cyh/ysyx-workbench/nemu/tools/fixdep/build/fixdep  /home/cyh/ysyx-workbench/nemu/build/obj-riscv64-nemu-interpreter/src/isa/riscv64/inst.d  /home/cyh/ysyx-workbench/nemu/build/obj-riscv64-nemu-interpreter/src/isa/riscv64/inst.o unused >  /home/cyh/ysyx-workbench/nemu/build/obj-riscv64-nemu-interpreter/src/isa/riscv64/inst.d.tmp
mv  /home/cyh/ysyx-workbench/nemu/build/obj-riscv64-nemu-interpreter/src/isa/riscv64/inst.d.tmp  /home/cyh/ysyx-workbench/nemu/build/obj-riscv64-nemu-interpreter/src/isa/riscv64/inst.d
echo + CC src/isa/riscv64/logo.c
mkdir -p /home/cyh/ysyx-workbench/nemu/build/obj-riscv64-nemu-interpreter/src/isa/riscv64/
gcc -O2 -MMD -Wall -Werror -I/home/cyh/ysyx-workbench/nemu/include -I/home/cyh/ysyx-workbench/nemu/src/isa/riscv64/include -I/home/cyh/ysyx-workbench/nemu/src/engine/interpreter -O2  -Og -ggdb3 -fsanitize=address -DITRACE_COND=true -D__GUEST_ISA__=riscv64 -c -o /home/cyh/ysyx-workbench/nemu/build/obj-riscv64-nemu-interpreter/src/isa/riscv64/logo.o src/isa/riscv64/logo.c
/home/cyh/ysyx-workbench/nemu/tools/fixdep/build/fixdep  /home/cyh/ysyx-workbench/nemu/build/obj-riscv64-nemu-interpreter/src/isa/riscv64/logo.d  /home/cyh/ysyx-workbench/nemu/build/obj-riscv64-nemu-interpreter/src/isa/riscv64/logo.o unused >  /home/cyh/ysyx-workbench/nemu/build/obj-riscv64-nemu-interpreter/src/isa/riscv64/logo.d.tmp
mv  /home/cyh/ysyx-workbench/nemu/build/obj-riscv64-nemu-interpreter/src/isa/riscv64/logo.d.tmp  /home/cyh/ysyx-workbench/nemu/build/obj-riscv64-nemu-interpreter/src/isa/riscv64/logo.d
echo + CC src/isa/riscv64/difftest/dut.c
mkdir -p /home/cyh/ysyx-workbench/nemu/build/obj-riscv64-nemu-interpreter/src/isa/riscv64/difftest/
gcc -O2 -MMD -Wall -Werror -I/home/cyh/ysyx-workbench/nemu/include -I/home/cyh/ysyx-workbench/nemu/src/isa/riscv64/include -I/home/cyh/ysyx-workbench/nemu/src/engine/interpreter -O2  -Og -ggdb3 -fsanitize=address -DITRACE_COND=true -D__GUEST_ISA__=riscv64 -c -o /home/cyh/ysyx-workbench/nemu/build/obj-riscv64-nemu-interpreter/src/isa/riscv64/difftest/dut.o src/isa/riscv64/difftest/dut.c
/home/cyh/ysyx-workbench/nemu/tools/fixdep/build/fixdep  /home/cyh/ysyx-workbench/nemu/build/obj-riscv64-nemu-interpreter/src/isa/riscv64/difftest/dut.d  /home/cyh/ysyx-workbench/nemu/build/obj-riscv64-nemu-interpreter/src/isa/riscv64/difftest/dut.o unused >  /home/cyh/ysyx-workbench/nemu/build/obj-riscv64-nemu-interpreter/src/isa/riscv64/difftest/dut.d.tmp
mv  /home/cyh/ysyx-workbench/nemu/build/obj-riscv64-nemu-interpreter/src/isa/riscv64/difftest/dut.d.tmp  /home/cyh/ysyx-workbench/nemu/build/obj-riscv64-nemu-interpreter/src/isa/riscv64/difftest/dut.d
echo + CC src/isa/riscv64/init.c
mkdir -p /home/cyh/ysyx-workbench/nemu/build/obj-riscv64-nemu-interpreter/src/isa/riscv64/
gcc -O2 -MMD -Wall -Werror -I/home/cyh/ysyx-workbench/nemu/include -I/home/cyh/ysyx-workbench/nemu/src/isa/riscv64/include -I/home/cyh/ysyx-workbench/nemu/src/engine/interpreter -O2  -Og -ggdb3 -fsanitize=address -DITRACE_COND=true -D__GUEST_ISA__=riscv64 -c -o /home/cyh/ysyx-workbench/nemu/build/obj-riscv64-nemu-interpreter/src/isa/riscv64/init.o src/isa/riscv64/init.c
/home/cyh/ysyx-workbench/nemu/tools/fixdep/build/fixdep  /home/cyh/ysyx-workbench/nemu/build/obj-riscv64-nemu-interpreter/src/isa/riscv64/init.d  /home/cyh/ysyx-workbench/nemu/build/obj-riscv64-nemu-interpreter/src/isa/riscv64/init.o unused >  /home/cyh/ysyx-workbench/nemu/build/obj-riscv64-nemu-interpreter/src/isa/riscv64/init.d.tmp
mv  /home/cyh/ysyx-workbench/nemu/build/obj-riscv64-nemu-interpreter/src/isa/riscv64/init.d.tmp  /home/cyh/ysyx-workbench/nemu/build/obj-riscv64-nemu-interpreter/src/isa/riscv64/init.d
echo + CC src/isa/riscv64/system/intr.c
mkdir -p /home/cyh/ysyx-workbench/nemu/build/obj-riscv64-nemu-interpreter/src/isa/riscv64/system/
gcc -O2 -MMD -Wall -Werror -I/home/cyh/ysyx-workbench/nemu/include -I/home/cyh/ysyx-workbench/nemu/src/isa/riscv64/include -I/home/cyh/ysyx-workbench/nemu/src/engine/interpreter -O2  -Og -ggdb3 -fsanitize=address -DITRACE_COND=true -D__GUEST_ISA__=riscv64 -c -o /home/cyh/ysyx-workbench/nemu/build/obj-riscv64-nemu-interpreter/src/isa/riscv64/system/intr.o src/isa/riscv64/system/intr.c
/home/cyh/ysyx-workbench/nemu/tools/fixdep/build/fixdep  /home/cyh/ysyx-workbench/nemu/build/obj-riscv64-nemu-interpreter/src/isa/riscv64/system/intr.d  /home/cyh/ysyx-workbench/nemu/build/obj-riscv64-nemu-interpreter/src/isa/riscv64/system/intr.o unused >  /home/cyh/ysyx-workbench/nemu/build/obj-riscv64-nemu-interpreter/src/isa/riscv64/system/intr.d.tmp
mv  /home/cyh/ysyx-workbench/nemu/build/obj-riscv64-nemu-interpreter/src/isa/riscv64/system/intr.d.tmp  /home/cyh/ysyx-workbench/nemu/build/obj-riscv64-nemu-interpreter/src/isa/riscv64/system/intr.d
echo + CC src/isa/riscv64/system/mmu.c
mkdir -p /home/cyh/ysyx-workbench/nemu/build/obj-riscv64-nemu-interpreter/src/isa/riscv64/system/
gcc -O2 -MMD -Wall -Werror -I/home/cyh/ysyx-workbench/nemu/include -I/home/cyh/ysyx-workbench/nemu/src/isa/riscv64/include -I/home/cyh/ysyx-workbench/nemu/src/engine/interpreter -O2  -Og -ggdb3 -fsanitize=address -DITRACE_COND=true -D__GUEST_ISA__=riscv64 -c -o /home/cyh/ysyx-workbench/nemu/build/obj-riscv64-nemu-interpreter/src/isa/riscv64/system/mmu.o src/isa/riscv64/system/mmu.c
/home/cyh/ysyx-workbench/nemu/tools/fixdep/build/fixdep  /home/cyh/ysyx-workbench/nemu/build/obj-riscv64-nemu-interpreter/src/isa/riscv64/system/mmu.d  /home/cyh/ysyx-workbench/nemu/build/obj-riscv64-nemu-interpreter/src/isa/riscv64/system/mmu.o unused >  /home/cyh/ysyx-workbench/nemu/build/obj-riscv64-nemu-interpreter/src/isa/riscv64/system/mmu.d.tmp
mv  /home/cyh/ysyx-workbench/nemu/build/obj-riscv64-nemu-interpreter/src/isa/riscv64/system/mmu.d.tmp  /home/cyh/ysyx-workbench/nemu/build/obj-riscv64-nemu-interpreter/src/isa/riscv64/system/mmu.d
echo + CC src/engine/interpreter/init.c
mkdir -p /home/cyh/ysyx-workbench/nemu/build/obj-riscv64-nemu-interpreter/src/engine/interpreter/
gcc -O2 -MMD -Wall -Werror -I/home/cyh/ysyx-workbench/nemu/include -I/home/cyh/ysyx-workbench/nemu/src/isa/riscv64/include -I/home/cyh/ysyx-workbench/nemu/src/engine/interpreter -O2  -Og -ggdb3 -fsanitize=address -DITRACE_COND=true -D__GUEST_ISA__=riscv64 -c -o /home/cyh/ysyx-workbench/nemu/build/obj-riscv64-nemu-interpreter/src/engine/interpreter/init.o src/engine/interpreter/init.c
/home/cyh/ysyx-workbench/nemu/tools/fixdep/build/fixdep  /home/cyh/ysyx-workbench/nemu/build/obj-riscv64-nemu-interpreter/src/engine/interpreter/init.d  /home/cyh/ysyx-workbench/nemu/build/obj-riscv64-nemu-interpreter/src/engine/interpreter/init.o unused >  /home/cyh/ysyx-workbench/nemu/build/obj-riscv64-nemu-interpreter/src/engine/interpreter/init.d.tmp
mv  /home/cyh/ysyx-workbench/nemu/build/obj-riscv64-nemu-interpreter/src/engine/interpreter/init.d.tmp  /home/cyh/ysyx-workbench/nemu/build/obj-riscv64-nemu-interpreter/src/engine/interpreter/init.d
echo + CC src/engine/interpreter/hostcall.c
mkdir -p /home/cyh/ysyx-workbench/nemu/build/obj-riscv64-nemu-interpreter/src/engine/interpreter/
gcc -O2 -MMD -Wall -Werror -I/home/cyh/ysyx-workbench/nemu/include -I/home/cyh/ysyx-workbench/nemu/src/isa/riscv64/include -I/home/cyh/ysyx-workbench/nemu/src/engine/interpreter -O2  -Og -ggdb3 -fsanitize=address -DITRACE_COND=true -D__GUEST_ISA__=riscv64 -c -o /home/cyh/ysyx-workbench/nemu/build/obj-riscv64-nemu-interpreter/src/engine/interpreter/hostcall.o src/engine/interpreter/hostcall.c
/home/cyh/ysyx-workbench/nemu/tools/fixdep/build/fixdep  /home/cyh/ysyx-workbench/nemu/build/obj-riscv64-nemu-interpreter/src/engine/interpreter/hostcall.d  /home/cyh/ysyx-workbench/nemu/build/obj-riscv64-nemu-interpreter/src/engine/interpreter/hostcall.o unused >  /home/cyh/ysyx-workbench/nemu/build/obj-riscv64-nemu-interpreter/src/engine/interpreter/hostcall.d.tmp
mv  /home/cyh/ysyx-workbench/nemu/build/obj-riscv64-nemu-interpreter/src/engine/interpreter/hostcall.d.tmp  /home/cyh/ysyx-workbench/nemu/build/obj-riscv64-nemu-interpreter/src/engine/interpreter/hostcall.d
echo + CC src/cpu/difftest/dut.c
mkdir -p /home/cyh/ysyx-workbench/nemu/build/obj-riscv64-nemu-interpreter/src/cpu/difftest/
gcc -O2 -MMD -Wall -Werror -I/home/cyh/ysyx-workbench/nemu/include -I/home/cyh/ysyx-workbench/nemu/src/isa/riscv64/include -I/home/cyh/ysyx-workbench/nemu/src/engine/interpreter -O2  -Og -ggdb3 -fsanitize=address -DITRACE_COND=true -D__GUEST_ISA__=riscv64 -c -o /home/cyh/ysyx-workbench/nemu/build/obj-riscv64-nemu-interpreter/src/cpu/difftest/dut.o src/cpu/difftest/dut.c
/home/cyh/ysyx-workbench/nemu/tools/fixdep/build/fixdep  /home/cyh/ysyx-workbench/nemu/build/obj-riscv64-nemu-interpreter/src/cpu/difftest/dut.d  /home/cyh/ysyx-workbench/nemu/build/obj-riscv64-nemu-interpreter/src/cpu/difftest/dut.o unused >  /home/cyh/ysyx-workbench/nemu/build/obj-riscv64-nemu-interpreter/src/cpu/difftest/dut.d.tmp
mv  /home/cyh/ysyx-workbench/nemu/build/obj-riscv64-nemu-interpreter/src/cpu/difftest/dut.d.tmp  /home/cyh/ysyx-workbench/nemu/build/obj-riscv64-nemu-interpreter/src/cpu/difftest/dut.d
echo + CC src/cpu/difftest/ref.c
mkdir -p /home/cyh/ysyx-workbench/nemu/build/obj-riscv64-nemu-interpreter/src/cpu/difftest/
gcc -O2 -MMD -Wall -Werror -I/home/cyh/ysyx-workbench/nemu/include -I/home/cyh/ysyx-workbench/nemu/src/isa/riscv64/include -I/home/cyh/ysyx-workbench/nemu/src/engine/interpreter -O2  -Og -ggdb3 -fsanitize=address -DITRACE_COND=true -D__GUEST_ISA__=riscv64 -c -o /home/cyh/ysyx-workbench/nemu/build/obj-riscv64-nemu-interpreter/src/cpu/difftest/ref.o src/cpu/difftest/ref.c
/home/cyh/ysyx-workbench/nemu/tools/fixdep/build/fixdep  /home/cyh/ysyx-workbench/nemu/build/obj-riscv64-nemu-interpreter/src/cpu/difftest/ref.d  /home/cyh/ysyx-workbench/nemu/build/obj-riscv64-nemu-interpreter/src/cpu/difftest/ref.o unused >  /home/cyh/ysyx-workbench/nemu/build/obj-riscv64-nemu-interpreter/src/cpu/difftest/ref.d.tmp
mv  /home/cyh/ysyx-workbench/nemu/build/obj-riscv64-nemu-interpreter/src/cpu/difftest/ref.d.tmp  /home/cyh/ysyx-workbench/nemu/build/obj-riscv64-nemu-interpreter/src/cpu/difftest/ref.d
echo + CC src/cpu/cpu-exec.c
mkdir -p /home/cyh/ysyx-workbench/nemu/build/obj-riscv64-nemu-interpreter/src/cpu/
gcc -O2 -MMD -Wall -Werror -I/home/cyh/ysyx-workbench/nemu/include -I/home/cyh/ysyx-workbench/nemu/src/isa/riscv64/include -I/home/cyh/ysyx-workbench/nemu/src/engine/interpreter -O2  -Og -ggdb3 -fsanitize=address -DITRACE_COND=true -D__GUEST_ISA__=riscv64 -c -o /home/cyh/ysyx-workbench/nemu/build/obj-riscv64-nemu-interpreter/src/cpu/cpu-exec.o src/cpu/cpu-exec.c
/home/cyh/ysyx-workbench/nemu/tools/fixdep/build/fixdep  /home/cyh/ysyx-workbench/nemu/build/obj-riscv64-nemu-interpreter/src/cpu/cpu-exec.d  /home/cyh/ysyx-workbench/nemu/build/obj-riscv64-nemu-interpreter/src/cpu/cpu-exec.o unused >  /home/cyh/ysyx-workbench/nemu/build/obj-riscv64-nemu-interpreter/src/cpu/cpu-exec.d.tmp
mv  /home/cyh/ysyx-workbench/nemu/build/obj-riscv64-nemu-interpreter/src/cpu/cpu-exec.d.tmp  /home/cyh/ysyx-workbench/nemu/build/obj-riscv64-nemu-interpreter/src/cpu/cpu-exec.d
echo + CC src/monitor/sdb/watchpoint.c
mkdir -p /home/cyh/ysyx-workbench/nemu/build/obj-riscv64-nemu-interpreter/src/monitor/sdb/
gcc -O2 -MMD -Wall -Werror -I/home/cyh/ysyx-workbench/nemu/include -I/home/cyh/ysyx-workbench/nemu/src/isa/riscv64/include -I/home/cyh/ysyx-workbench/nemu/src/engine/interpreter -O2  -Og -ggdb3 -fsanitize=address -DITRACE_COND=true -D__GUEST_ISA__=riscv64 -c -o /home/cyh/ysyx-workbench/nemu/build/obj-riscv64-nemu-interpreter/src/monitor/sdb/watchpoint.o src/monitor/sdb/watchpoint.c
/home/cyh/ysyx-workbench/nemu/tools/fixdep/build/fixdep  /home/cyh/ysyx-workbench/nemu/build/obj-riscv64-nemu-interpreter/src/monitor/sdb/watchpoint.d  /home/cyh/ysyx-workbench/nemu/build/obj-riscv64-nemu-interpreter/src/monitor/sdb/watchpoint.o unused >  /home/cyh/ysyx-workbench/nemu/build/obj-riscv64-nemu-interpreter/src/monitor/sdb/watchpoint.d.tmp
mv  /home/cyh/ysyx-workbench/nemu/build/obj-riscv64-nemu-interpreter/src/monitor/sdb/watchpoint.d.tmp  /home/cyh/ysyx-workbench/nemu/build/obj-riscv64-nemu-interpreter/src/monitor/sdb/watchpoint.d
echo + CC src/monitor/sdb/expr.c
mkdir -p /home/cyh/ysyx-workbench/nemu/build/obj-riscv64-nemu-interpreter/src/monitor/sdb/
gcc -O2 -MMD -Wall -Werror -I/home/cyh/ysyx-workbench/nemu/include -I/home/cyh/ysyx-workbench/nemu/src/isa/riscv64/include -I/home/cyh/ysyx-workbench/nemu/src/engine/interpreter -O2  -Og -ggdb3 -fsanitize=address -DITRACE_COND=true -D__GUEST_ISA__=riscv64 -c -o /home/cyh/ysyx-workbench/nemu/build/obj-riscv64-nemu-interpreter/src/monitor/sdb/expr.o src/monitor/sdb/expr.c
/home/cyh/ysyx-workbench/nemu/tools/fixdep/build/fixdep  /home/cyh/ysyx-workbench/nemu/build/obj-riscv64-nemu-interpreter/src/monitor/sdb/expr.d  /home/cyh/ysyx-workbench/nemu/build/obj-riscv64-nemu-interpreter/src/monitor/sdb/expr.o unused >  /home/cyh/ysyx-workbench/nemu/build/obj-riscv64-nemu-interpreter/src/monitor/sdb/expr.d.tmp
mv  /home/cyh/ysyx-workbench/nemu/build/obj-riscv64-nemu-interpreter/src/monitor/sdb/expr.d.tmp  /home/cyh/ysyx-workbench/nemu/build/obj-riscv64-nemu-interpreter/src/monitor/sdb/expr.d
echo + CC src/monitor/sdb/sdb.c
mkdir -p /home/cyh/ysyx-workbench/nemu/build/obj-riscv64-nemu-interpreter/src/monitor/sdb/
gcc -O2 -MMD -Wall -Werror -I/home/cyh/ysyx-workbench/nemu/include -I/home/cyh/ysyx-workbench/nemu/src/isa/riscv64/include -I/home/cyh/ysyx-workbench/nemu/src/engine/interpreter -O2  -Og -ggdb3 -fsanitize=address -DITRACE_COND=true -D__GUEST_ISA__=riscv64 -c -o /home/cyh/ysyx-workbench/nemu/build/obj-riscv64-nemu-interpreter/src/monitor/sdb/sdb.o src/monitor/sdb/sdb.c
/home/cyh/ysyx-workbench/nemu/tools/fixdep/build/fixdep  /home/cyh/ysyx-workbench/nemu/build/obj-riscv64-nemu-interpreter/src/monitor/sdb/sdb.d  /home/cyh/ysyx-workbench/nemu/build/obj-riscv64-nemu-interpreter/src/monitor/sdb/sdb.o unused >  /home/cyh/ysyx-workbench/nemu/build/obj-riscv64-nemu-interpreter/src/monitor/sdb/sdb.d.tmp
mv  /home/cyh/ysyx-workbench/nemu/build/obj-riscv64-nemu-interpreter/src/monitor/sdb/sdb.d.tmp  /home/cyh/ysyx-workbench/nemu/build/obj-riscv64-nemu-interpreter/src/monitor/sdb/sdb.d
echo + CC src/monitor/monitor.c
mkdir -p /home/cyh/ysyx-workbench/nemu/build/obj-riscv64-nemu-interpreter/src/monitor/
gcc -O2 -MMD -Wall -Werror -I/home/cyh/ysyx-workbench/nemu/include -I/home/cyh/ysyx-workbench/nemu/src/isa/riscv64/include -I/home/cyh/ysyx-workbench/nemu/src/engine/interpreter -O2  -Og -ggdb3 -fsanitize=address -DITRACE_COND=true -D__GUEST_ISA__=riscv64 -c -o /home/cyh/ysyx-workbench/nemu/build/obj-riscv64-nemu-interpreter/src/monitor/monitor.o src/monitor/monitor.c
/home/cyh/ysyx-workbench/nemu/tools/fixdep/build/fixdep  /home/cyh/ysyx-workbench/nemu/build/obj-riscv64-nemu-interpreter/src/monitor/monitor.d  /home/cyh/ysyx-workbench/nemu/build/obj-riscv64-nemu-interpreter/src/monitor/monitor.o unused >  /home/cyh/ysyx-workbench/nemu/build/obj-riscv64-nemu-interpreter/src/monitor/monitor.d.tmp
mv  /home/cyh/ysyx-workbench/nemu/build/obj-riscv64-nemu-interpreter/src/monitor/monitor.d.tmp  /home/cyh/ysyx-workbench/nemu/build/obj-riscv64-nemu-interpreter/src/monitor/monitor.d
echo + CC src/utils/rand.c
mkdir -p /home/cyh/ysyx-workbench/nemu/build/obj-riscv64-nemu-interpreter/src/utils/
gcc -O2 -MMD -Wall -Werror -I/home/cyh/ysyx-workbench/nemu/include -I/home/cyh/ysyx-workbench/nemu/src/isa/riscv64/include -I/home/cyh/ysyx-workbench/nemu/src/engine/interpreter -O2  -Og -ggdb3 -fsanitize=address -DITRACE_COND=true -D__GUEST_ISA__=riscv64 -c -o /home/cyh/ysyx-workbench/nemu/build/obj-riscv64-nemu-interpreter/src/utils/rand.o src/utils/rand.c
/home/cyh/ysyx-workbench/nemu/tools/fixdep/build/fixdep  /home/cyh/ysyx-workbench/nemu/build/obj-riscv64-nemu-interpreter/src/utils/rand.d  /home/cyh/ysyx-workbench/nemu/build/obj-riscv64-nemu-interpreter/src/utils/rand.o unused >  /home/cyh/ysyx-workbench/nemu/build/obj-riscv64-nemu-interpreter/src/utils/rand.d.tmp
mv  /home/cyh/ysyx-workbench/nemu/build/obj-riscv64-nemu-interpreter/src/utils/rand.d.tmp  /home/cyh/ysyx-workbench/nemu/build/obj-riscv64-nemu-interpreter/src/utils/rand.d
echo + CC src/utils/state.c
mkdir -p /home/cyh/ysyx-workbench/nemu/build/obj-riscv64-nemu-interpreter/src/utils/
gcc -O2 -MMD -Wall -Werror -I/home/cyh/ysyx-workbench/nemu/include -I/home/cyh/ysyx-workbench/nemu/src/isa/riscv64/include -I/home/cyh/ysyx-workbench/nemu/src/engine/interpreter -O2  -Og -ggdb3 -fsanitize=address -DITRACE_COND=true -D__GUEST_ISA__=riscv64 -c -o /home/cyh/ysyx-workbench/nemu/build/obj-riscv64-nemu-interpreter/src/utils/state.o src/utils/state.c
/home/cyh/ysyx-workbench/nemu/tools/fixdep/build/fixdep  /home/cyh/ysyx-workbench/nemu/build/obj-riscv64-nemu-interpreter/src/utils/state.d  /home/cyh/ysyx-workbench/nemu/build/obj-riscv64-nemu-interpreter/src/utils/state.o unused >  /home/cyh/ysyx-workbench/nemu/build/obj-riscv64-nemu-interpreter/src/utils/state.d.tmp
mv  /home/cyh/ysyx-workbench/nemu/build/obj-riscv64-nemu-interpreter/src/utils/state.d.tmp  /home/cyh/ysyx-workbench/nemu/build/obj-riscv64-nemu-interpreter/src/utils/state.d
echo + CC src/utils/log.c
mkdir -p /home/cyh/ysyx-workbench/nemu/build/obj-riscv64-nemu-interpreter/src/utils/
gcc -O2 -MMD -Wall -Werror -I/home/cyh/ysyx-workbench/nemu/include -I/home/cyh/ysyx-workbench/nemu/src/isa/riscv64/include -I/home/cyh/ysyx-workbench/nemu/src/engine/interpreter -O2  -Og -ggdb3 -fsanitize=address -DITRACE_COND=true -D__GUEST_ISA__=riscv64 -c -o /home/cyh/ysyx-workbench/nemu/build/obj-riscv64-nemu-interpreter/src/utils/log.o src/utils/log.c
/home/cyh/ysyx-workbench/nemu/tools/fixdep/build/fixdep  /home/cyh/ysyx-workbench/nemu/build/obj-riscv64-nemu-interpreter/src/utils/log.d  /home/cyh/ysyx-workbench/nemu/build/obj-riscv64-nemu-interpreter/src/utils/log.o unused >  /home/cyh/ysyx-workbench/nemu/build/obj-riscv64-nemu-interpreter/src/utils/log.d.tmp
mv  /home/cyh/ysyx-workbench/nemu/build/obj-riscv64-nemu-interpreter/src/utils/log.d.tmp  /home/cyh/ysyx-workbench/nemu/build/obj-riscv64-nemu-interpreter/src/utils/log.d
echo + CC src/utils/timer.c
mkdir -p /home/cyh/ysyx-workbench/nemu/build/obj-riscv64-nemu-interpreter/src/utils/
gcc -O2 -MMD -Wall -Werror -I/home/cyh/ysyx-workbench/nemu/include -I/home/cyh/ysyx-workbench/nemu/src/isa/riscv64/include -I/home/cyh/ysyx-workbench/nemu/src/engine/interpreter -O2  -Og -ggdb3 -fsanitize=address -DITRACE_COND=true -D__GUEST_ISA__=riscv64 -c -o /home/cyh/ysyx-workbench/nemu/build/obj-riscv64-nemu-interpreter/src/utils/timer.o src/utils/timer.c
/home/cyh/ysyx-workbench/nemu/tools/fixdep/build/fixdep  /home/cyh/ysyx-workbench/nemu/build/obj-riscv64-nemu-interpreter/src/utils/timer.d  /home/cyh/ysyx-workbench/nemu/build/obj-riscv64-nemu-interpreter/src/utils/timer.o unused >  /home/cyh/ysyx-workbench/nemu/build/obj-riscv64-nemu-interpreter/src/utils/timer.d.tmp
mv  /home/cyh/ysyx-workbench/nemu/build/obj-riscv64-nemu-interpreter/src/utils/timer.d.tmp  /home/cyh/ysyx-workbench/nemu/build/obj-riscv64-nemu-interpreter/src/utils/timer.d
echo + CC src/memory/vaddr.c
mkdir -p /home/cyh/ysyx-workbench/nemu/build/obj-riscv64-nemu-interpreter/src/memory/
gcc -O2 -MMD -Wall -Werror -I/home/cyh/ysyx-workbench/nemu/include -I/home/cyh/ysyx-workbench/nemu/src/isa/riscv64/include -I/home/cyh/ysyx-workbench/nemu/src/engine/interpreter -O2  -Og -ggdb3 -fsanitize=address -DITRACE_COND=true -D__GUEST_ISA__=riscv64 -c -o /home/cyh/ysyx-workbench/nemu/build/obj-riscv64-nemu-interpreter/src/memory/vaddr.o src/memory/vaddr.c
/home/cyh/ysyx-workbench/nemu/tools/fixdep/build/fixdep  /home/cyh/ysyx-workbench/nemu/build/obj-riscv64-nemu-interpreter/src/memory/vaddr.d  /home/cyh/ysyx-workbench/nemu/build/obj-riscv64-nemu-interpreter/src/memory/vaddr.o unused >  /home/cyh/ysyx-workbench/nemu/build/obj-riscv64-nemu-interpreter/src/memory/vaddr.d.tmp
mv  /home/cyh/ysyx-workbench/nemu/build/obj-riscv64-nemu-interpreter/src/memory/vaddr.d.tmp  /home/cyh/ysyx-workbench/nemu/build/obj-riscv64-nemu-interpreter/src/memory/vaddr.d
echo + CC src/memory/paddr.c
mkdir -p /home/cyh/ysyx-workbench/nemu/build/obj-riscv64-nemu-interpreter/src/memory/
gcc -O2 -MMD -Wall -Werror -I/home/cyh/ysyx-workbench/nemu/include -I/home/cyh/ysyx-workbench/nemu/src/isa/riscv64/include -I/home/cyh/ysyx-workbench/nemu/src/engine/interpreter -O2  -Og -ggdb3 -fsanitize=address -DITRACE_COND=true -D__GUEST_ISA__=riscv64 -c -o /home/cyh/ysyx-workbench/nemu/build/obj-riscv64-nemu-interpreter/src/memory/paddr.o src/memory/paddr.c
/home/cyh/ysyx-workbench/nemu/tools/fixdep/build/fixdep  /home/cyh/ysyx-workbench/nemu/build/obj-riscv64-nemu-interpreter/src/memory/paddr.d  /home/cyh/ysyx-workbench/nemu/build/obj-riscv64-nemu-interpreter/src/memory/paddr.o unused >  /home/cyh/ysyx-workbench/nemu/build/obj-riscv64-nemu-interpreter/src/memory/paddr.d.tmp
mv  /home/cyh/ysyx-workbench/nemu/build/obj-riscv64-nemu-interpreter/src/memory/paddr.d.tmp  /home/cyh/ysyx-workbench/nemu/build/obj-riscv64-nemu-interpreter/src/memory/paddr.d
echo + CC src/device/io/mmio.c
mkdir -p /home/cyh/ysyx-workbench/nemu/build/obj-riscv64-nemu-interpreter/src/device/io/
gcc -O2 -MMD -Wall -Werror -I/home/cyh/ysyx-workbench/nemu/include -I/home/cyh/ysyx-workbench/nemu/src/isa/riscv64/include -I/home/cyh/ysyx-workbench/nemu/src/engine/interpreter -O2  -Og -ggdb3 -fsanitize=address -DITRACE_COND=true -D__GUEST_ISA__=riscv64 -c -o /home/cyh/ysyx-workbench/nemu/build/obj-riscv64-nemu-interpreter/src/device/io/mmio.o src/device/io/mmio.c
/home/cyh/ysyx-workbench/nemu/tools/fixdep/build/fixdep  /home/cyh/ysyx-workbench/nemu/build/obj-riscv64-nemu-interpreter/src/device/io/mmio.d  /home/cyh/ysyx-workbench/nemu/build/obj-riscv64-nemu-interpreter/src/device/io/mmio.o unused >  /home/cyh/ysyx-workbench/nemu/build/obj-riscv64-nemu-interpreter/src/device/io/mmio.d.tmp
mv  /home/cyh/ysyx-workbench/nemu/build/obj-riscv64-nemu-interpreter/src/device/io/mmio.d.tmp  /home/cyh/ysyx-workbench/nemu/build/obj-riscv64-nemu-interpreter/src/device/io/mmio.d
echo + CC src/device/io/map.c
mkdir -p /home/cyh/ysyx-workbench/nemu/build/obj-riscv64-nemu-interpreter/src/device/io/
gcc -O2 -MMD -Wall -Werror -I/home/cyh/ysyx-workbench/nemu/include -I/home/cyh/ysyx-workbench/nemu/src/isa/riscv64/include -I/home/cyh/ysyx-workbench/nemu/src/engine/interpreter -O2  -Og -ggdb3 -fsanitize=address -DITRACE_COND=true -D__GUEST_ISA__=riscv64 -c -o /home/cyh/ysyx-workbench/nemu/build/obj-riscv64-nemu-interpreter/src/device/io/map.o src/device/io/map.c
/home/cyh/ysyx-workbench/nemu/tools/fixdep/build/fixdep  /home/cyh/ysyx-workbench/nemu/build/obj-riscv64-nemu-interpreter/src/device/io/map.d  /home/cyh/ysyx-workbench/nemu/build/obj-riscv64-nemu-interpreter/src/device/io/map.o unused >  /home/cyh/ysyx-workbench/nemu/build/obj-riscv64-nemu-interpreter/src/device/io/map.d.tmp
mv  /home/cyh/ysyx-workbench/nemu/build/obj-riscv64-nemu-interpreter/src/device/io/map.d.tmp  /home/cyh/ysyx-workbench/nemu/build/obj-riscv64-nemu-interpreter/src/device/io/map.d
echo + CC src/device/io/port-io.c
mkdir -p /home/cyh/ysyx-workbench/nemu/build/obj-riscv64-nemu-interpreter/src/device/io/
gcc -O2 -MMD -Wall -Werror -I/home/cyh/ysyx-workbench/nemu/include -I/home/cyh/ysyx-workbench/nemu/src/isa/riscv64/include -I/home/cyh/ysyx-workbench/nemu/src/engine/interpreter -O2  -Og -ggdb3 -fsanitize=address -DITRACE_COND=true -D__GUEST_ISA__=riscv64 -c -o /home/cyh/ysyx-workbench/nemu/build/obj-riscv64-nemu-interpreter/src/device/io/port-io.o src/device/io/port-io.c
/home/cyh/ysyx-workbench/nemu/tools/fixdep/build/fixdep  /home/cyh/ysyx-workbench/nemu/build/obj-riscv64-nemu-interpreter/src/device/io/port-io.d  /home/cyh/ysyx-workbench/nemu/build/obj-riscv64-nemu-interpreter/src/device/io/port-io.o unused >  /home/cyh/ysyx-workbench/nemu/build/obj-riscv64-nemu-interpreter/src/device/io/port-io.d.tmp
mv  /home/cyh/ysyx-workbench/nemu/build/obj-riscv64-nemu-interpreter/src/device/io/port-io.d.tmp  /home/cyh/ysyx-workbench/nemu/build/obj-riscv64-nemu-interpreter/src/device/io/port-io.d
 
echo + CXX src/utils/disasm.cc
mkdir -p /home/cyh/ysyx-workbench/nemu/build/obj-riscv64-nemu-interpreter/src/utils/
g++ -O2 -MMD -Wall -Werror -I/home/cyh/ysyx-workbench/nemu/include -I/home/cyh/ysyx-workbench/nemu/src/isa/riscv64/include -I/home/cyh/ysyx-workbench/nemu/src/engine/interpreter -O2  -Og -ggdb3 -fsanitize=address -DITRACE_COND=true -D__GUEST_ISA__=riscv64 -I/usr/lib/llvm-13/include -std=c++14   -fno-exceptions -D_GNU_SOURCE -D__STDC_CONSTANT_MACROS -D__STDC_FORMAT_MACROS -D__STDC_LIMIT_MACROS -fPIE -c -o /home/cyh/ysyx-workbench/nemu/build/obj-riscv64-nemu-interpreter/src/utils/disasm.o src/utils/disasm.cc
/home/cyh/ysyx-workbench/nemu/tools/fixdep/build/fixdep  /home/cyh/ysyx-workbench/nemu/build/obj-riscv64-nemu-interpreter/src/utils/disasm.d  /home/cyh/ysyx-workbench/nemu/build/obj-riscv64-nemu-interpreter/src/utils/disasm.o unused >  /home/cyh/ysyx-workbench/nemu/build/obj-riscv64-nemu-interpreter/src/utils/disasm.d.tmp
mv  /home/cyh/ysyx-workbench/nemu/build/obj-riscv64-nemu-interpreter/src/utils/disasm.d.tmp  /home/cyh/ysyx-workbench/nemu/build/obj-riscv64-nemu-interpreter/src/utils/disasm.d
flock /home/cyh/ysyx-workbench/nemu/../.git/ make .git_commit MSG=' "compile NEMU"'
sync
echo + LD /home/cyh/ysyx-workbench/nemu/build/riscv64-nemu-interpreter
g++ -o /home/cyh/ysyx-workbench/nemu/build/riscv64-nemu-interpreter /home/cyh/ysyx-workbench/nemu/build/obj-riscv64-nemu-interpreter/src/nemu-main.o /home/cyh/ysyx-workbench/nemu/build/obj-riscv64-nemu-interpreter/src/isa/riscv64/reg.o /home/cyh/ysyx-workbench/nemu/build/obj-riscv64-nemu-interpreter/src/isa/riscv64/inst.o /home/cyh/ysyx-workbench/nemu/build/obj-riscv64-nemu-interpreter/src/isa/riscv64/logo.o /home/cyh/ysyx-workbench/nemu/build/obj-riscv64-nemu-interpreter/src/isa/riscv64/difftest/dut.o /home/cyh/ysyx-workbench/nemu/build/obj-riscv64-nemu-interpreter/src/isa/riscv64/init.o /home/cyh/ysyx-workbench/nemu/build/obj-riscv64-nemu-interpreter/src/isa/riscv64/system/intr.o /home/cyh/ysyx-workbench/nemu/build/obj-riscv64-nemu-interpreter/src/isa/riscv64/system/mmu.o /home/cyh/ysyx-workbench/nemu/build/obj-riscv64-nemu-interpreter/src/engine/interpreter/init.o /home/cyh/ysyx-workbench/nemu/build/obj-riscv64-nemu-interpreter/src/engine/interpreter/hostcall.o /home/cyh/ysyx-workbench/nemu/build/obj-riscv64-nemu-interpreter/src/cpu/difftest/dut.o /home/cyh/ysyx-workbench/nemu/build/obj-riscv64-nemu-interpreter/src/cpu/difftest/ref.o /home/cyh/ysyx-workbench/nemu/build/obj-riscv64-nemu-interpreter/src/cpu/cpu-exec.o /home/cyh/ysyx-workbench/nemu/build/obj-riscv64-nemu-interpreter/src/monitor/sdb/watchpoint.o /home/cyh/ysyx-workbench/nemu/build/obj-riscv64-nemu-interpreter/src/monitor/sdb/expr.o /home/cyh/ysyx-workbench/nemu/build/obj-riscv64-nemu-interpreter/src/monitor/sdb/sdb.o /home/cyh/ysyx-workbench/nemu/build/obj-riscv64-nemu-interpreter/src/monitor/monitor.o /home/cyh/ysyx-workbench/nemu/build/obj-riscv64-nemu-interpreter/src/utils/rand.o /home/cyh/ysyx-workbench/nemu/build/obj-riscv64-nemu-interpreter/src/utils/state.o /home/cyh/ysyx-workbench/nemu/build/obj-riscv64-nemu-interpreter/src/utils/log.o /home/cyh/ysyx-workbench/nemu/build/obj-riscv64-nemu-interpreter/src/utils/timer.o /home/cyh/ysyx-workbench/nemu/build/obj-riscv64-nemu-interpreter/src/memory/vaddr.o /home/cyh/ysyx-workbench/nemu/build/obj-riscv64-nemu-interpreter/src/memory/paddr.o /home/cyh/ysyx-workbench/nemu/build/obj-riscv64-nemu-interpreter/src/device/io/mmio.o /home/cyh/ysyx-workbench/nemu/build/obj-riscv64-nemu-interpreter/src/device/io/map.o /home/cyh/ysyx-workbench/nemu/build/obj-riscv64-nemu-interpreter/src/device/io/port-io.o /home/cyh/ysyx-workbench/nemu/build/obj-riscv64-nemu-interpreter/src/utils/disasm.o -O2 -O2  -Og -ggdb3 -fsanitize=address  -lLLVM-13 -lreadline -ldl -pie
make: Leaving directory '/home/cyh/ysyx-workbench/nemu'
 
