2023.03.22 16:15:29 INFO  Started: Metals version 0.11.11 in workspace '/home/cyh/ysyx-workbench' for client Visual Studio Code 1.76.2.
SLF4J: No SLF4J providers were found.
SLF4J: Defaulting to no-operation (NOP) logger implementation
SLF4J: See https://www.slf4j.org/codes.html#noProviders for further details.
SLF4J: Class path contains SLF4J bindings targeting slf4j-api versions 1.7.x or earlier.
SLF4J: Ignoring binding found at [jar:file:/home/cyh/.cache/coursier/v1/https/repo1.maven.org/maven2/com/outr/scribe-slf4j_2.13/3.11.0/scribe-slf4j_2.13-3.11.0.jar!/org/slf4j/impl/StaticLoggerBinder.class]
SLF4J: See https://www.slf4j.org/codes.html#ignoredBindings for an explanation.
2023.03.22 16:15:29 INFO  time: initialize in 0.46s
2023.03.22 16:15:31 WARN  Build server is not auto-connectable.
2023.03.22 16:15:31 WARN  no build tool detected in workspace '/home/cyh/ysyx-workbench'. The most common cause for this problem is that the editor was opened in the wrong working directory, for example if you use sbt then the workspace directory should contain build.sbt. 
2023.03.22 16:15:31 WARN  no build target for: /home/cyh/ysyx-workbench/npc/playground/src/cache.scala
2023.03.22 16:16:21 INFO  no build target found for /home/cyh/ysyx-workbench/npc/playground/src/cache.scala. Using presentation compiler with project's scala-library version: 3.2.2
2023.03.22 16:16:23 INFO  time: code lens generation in 51s
2023.03.22 19:31:11 INFO  Shutting down server
2023.03.22 19:31:11 INFO  shutting down Metals
2023.03.22 19:31:11 INFO  Exiting server
2023.03.22 21:35:29 INFO  Started: Metals version 0.11.11 in workspace '/home/cyh/ysyx-workbench' for client Visual Studio Code 1.76.2.
SLF4J: No SLF4J providers were found.
SLF4J: Defaulting to no-operation (NOP) logger implementation
SLF4J: See https://www.slf4j.org/codes.html#noProviders for further details.
SLF4J: Class path contains SLF4J bindings targeting slf4j-api versions 1.7.x or earlier.
SLF4J: Ignoring binding found at [jar:file:/home/cyh/.cache/coursier/v1/https/repo1.maven.org/maven2/com/outr/scribe-slf4j_2.13/3.11.0/scribe-slf4j_2.13-3.11.0.jar!/org/slf4j/impl/StaticLoggerBinder.class]
SLF4J: See https://www.slf4j.org/codes.html#ignoredBindings for an explanation.
2023.03.22 21:35:30 INFO  time: initialize in 0.45s
2023.03.22 21:35:32 WARN  Build server is not auto-connectable.
2023.03.22 21:35:32 WARN  no build tool detected in workspace '/home/cyh/ysyx-workbench'. The most common cause for this problem is that the editor was opened in the wrong working directory, for example if you use sbt then the workspace directory should contain build.sbt. 
2023.03.22 21:35:32 WARN  no build target for: /home/cyh/ysyx-workbench/npc/playground/src/cache.scala
2023.03.22 21:35:34 INFO  no build target found for /home/cyh/ysyx-workbench/npc/playground/src/cache.scala. Using presentation compiler with project's scala-library version: 3.2.2
2023.03.22 21:35:36 INFO  time: code lens generation in 4.06s
2023.03.22 21:37:23 WARN  no build target for: /home/cyh/ysyx-workbench/npc/playground/src/cache.scala
2023.03.22 21:38:15 WARN  no build target for: /home/cyh/ysyx-workbench/npc/playground/src/cache.scala
2023.03.23 19:06:26 WARN  no build target for: /home/cyh/ysyx-workbench/npc/playground/src/LSU.scala
2023.03.23 19:08:04 WARN  no build target for: /home/cyh/ysyx-workbench/npc/playground/src/cache.scala
Mar 23, 2023 7:09:28 PM org.eclipse.lsp4j.jsonrpc.RemoteEndpoint handleCancellation
WARNING: Unmatched cancel notification for request id 1182
Mar 23, 2023 7:09:54 PM org.eclipse.lsp4j.jsonrpc.RemoteEndpoint handleCancellation
WARNING: Unmatched cancel notification for request id 1302
Mar 23, 2023 7:11:09 PM org.eclipse.lsp4j.jsonrpc.RemoteEndpoint handleCancellation
WARNING: Unmatched cancel notification for request id 1679
Mar 23, 2023 7:11:09 PM org.eclipse.lsp4j.jsonrpc.RemoteEndpoint handleCancellation
WARNING: Unmatched cancel notification for request id 1683
Mar 23, 2023 7:11:26 PM org.eclipse.lsp4j.jsonrpc.RemoteEndpoint handleCancellation
WARNING: Unmatched cancel notification for request id 1767
2023.03.23 20:01:00 WARN  no build target for: /home/cyh/ysyx-workbench/npc/playground/src/LSU.scala
Mar 23, 2023 8:01:27 PM org.eclipse.lsp4j.jsonrpc.RemoteEndpoint handleCancellation
WARNING: Unmatched cancel notification for request id 6426
2023.03.23 20:03:13 WARN  no build target for: /home/cyh/ysyx-workbench/npc/playground/src/EXU.scala
2023.03.23 20:08:44 WARN  no build target for: /home/cyh/ysyx-workbench/npc/playground/src/cache.scala
2023.03.23 20:10:44 WARN  no build target for: /home/cyh/ysyx-workbench/npc/playground/src/cache.scala
2023.03.23 20:58:31 WARN  no build target for: /home/cyh/ysyx-workbench/npc/playground/src/ps2.scala
2023.03.23 20:58:40 WARN  no build target for: /home/cyh/ysyx-workbench/npc/playground/src/CacheRAM.scala
2023.03.23 20:58:53 WARN  no build target for: /home/cyh/ysyx-workbench/npc/playground/src/cache.scala
2023.03.23 20:59:03 WARN  no build target for: /home/cyh/ysyx-workbench/npc/playground/src/top.scala
2023.03.23 20:59:41 WARN  no build target for: /home/cyh/ysyx-workbench/npc/playground/src/top.scala
2023.03.23 21:00:23 WARN  no build target for: /home/cyh/ysyx-workbench/npc/playground/src/cache.scala
2023.03.23 21:00:46 WARN  no build target for: /home/cyh/ysyx-workbench/npc/playground/src/cache.scala
2023.03.23 21:01:28 WARN  no build target for: /home/cyh/ysyx-workbench/npc/playground/src/cache.scala
2023.03.23 21:01:40 WARN  no build target for: /home/cyh/ysyx-workbench/npc/playground/src/cache.scala
2023.03.23 21:04:16 WARN  no build target for: /home/cyh/ysyx-workbench/npc/playground/src/LSU.scala
